{"sessionId":"4384f2","timestamp":1776661473394,"location":"signinTouristAdmin.php","message":"POST received","data":{"username":"bjparan12","username_len":9,"has_password":true},"hypothesisId":"H3,H4"}
{"sessionId":"4384f2","timestamp":1776661473395,"location":"signinTouristAdmin.php","message":"lookup result","data":{"active_row_found":true,"user_by_username":{"id":37,"role":"admin","status":"Active"}},"hypothesisId":"H1,H2,H5"}
{"sessionId":"4384f2","timestamp":1776661479738,"location":"signinTouristAdmin.php","message":"POST received","data":{"username":"dandan","username_len":6,"has_password":true},"hypothesisId":"H3,H4"}
{"sessionId":"4384f2","timestamp":1776661479739,"location":"signinTouristAdmin.php","message":"lookup result","data":{"active_row_found":true,"user_by_username":{"id":30,"role":"tourist","status":"Active"}},"hypothesisId":"H1,H2,H5"}
{"sessionId":"4384f2","timestamp":1776661766411,"location":"signinTouristAdmin.php","message":"POST received","data":{"username":"noya1","username_len":5,"has_password":true},"hypothesisId":"H3,H4"}
{"sessionId":"4384f2","timestamp":1776661766412,"location":"signinTouristAdmin.php","message":"lookup result","data":{"active_row_found":true,"user_by_username":{"id":32,"role":"guide","status":"Active"}},"hypothesisId":"H1,H2,H5"}
{"sessionId":"4384f2","timestamp":1776661779662,"location":"signinTouristAdmin.php","message":"POST received","data":{"username":"bjparan12","username_len":9,"has_password":true},"hypothesisId":"H3,H4"}
{"sessionId":"4384f2","timestamp":1776661779663,"location":"signinTouristAdmin.php","message":"lookup result","data":{"active_row_found":true,"user_by_username":{"id":37,"role":"admin","status":"Active"}},"hypothesisId":"H1,H2,H5"}
{"sessionId":"4384f2","timestamp":1776661809650,"location":"signinTouristAdmin.php","message":"POST received","data":{"username":"noya1","username_len":5,"has_password":true},"hypothesisId":"H3,H4"}
{"sessionId":"4384f2","timestamp":1776661809651,"location":"signinTouristAdmin.php","message":"lookup result","data":{"active_row_found":true,"user_by_username":{"id":32,"role":"guide","status":"Active"}},"hypothesisId":"H1,H2,H5"}
{"sessionId":"4384f2","timestamp":1776661828388,"location":"signinTouristAdmin.php","message":"POST received","data":{"username":"dandan","username_len":6,"has_password":true},"hypothesisId":"H3,H4"}
{"sessionId":"4384f2","timestamp":1776661828389,"location":"signinTouristAdmin.php","message":"lookup result","data":{"active_row_found":true,"user_by_username":{"id":30,"role":"tourist","status":"Active"}},"hypothesisId":"H1,H2,H5"}
{"sessionId":"4384f2","timestamp":1776661844673,"location":"signinTouristAdmin.php","message":"POST received","data":{"username":"bjparan12","username_len":9,"has_password":true},"hypothesisId":"H3,H4"}
{"sessionId":"4384f2","timestamp":1776661844674,"location":"signinTouristAdmin.php","message":"lookup result","data":{"active_row_found":true,"user_by_username":{"id":37,"role":"admin","status":"Active"}},"hypothesisId":"H1,H2,H5"}
{"sessionId":"4384f2","timestamp":1776661895132,"location":"signinTouristAdmin.php","message":"POST received","data":{"username":"dandan","username_len":6,"has_password":true},"hypothesisId":"H3,H4"}
{"sessionId":"4384f2","timestamp":1776661895133,"location":"signinTouristAdmin.php","message":"lookup result","data":{"active_row_found":true,"user_by_username":{"id":30,"role":"tourist","status":"Active"}},"hypothesisId":"H1,H2,H5"}
{"sessionId":"4384f2","timestamp":1776661943596,"location":"signinTouristAdmin.php","message":"POST received","data":{"username":"bjparan12","username_len":9,"has_password":true},"hypothesisId":"H3,H4"}
{"sessionId":"4384f2","timestamp":1776661943597,"location":"signinTouristAdmin.php","message":"lookup result","data":{"active_row_found":true,"user_by_username":{"id":37,"role":"admin","status":"Active"}},"hypothesisId":"H1,H2,H5"}
{"sessionId":"4384f2","timestamp":1776662150593,"location":"signinTouristAdmin.php","message":"POST received","data":{"username":"noya1","username_len":5,"has_password":true},"hypothesisId":"H3,H4"}
{"sessionId":"4384f2","timestamp":1776662150594,"location":"signinTouristAdmin.php","message":"lookup result","data":{"active_row_found":true,"user_by_username":{"id":32,"role":"guide","status":"Active"}},"hypothesisId":"H1,H2,H5"}
